unityLibrary/build/intermediates/manifest_merge_blame_file/debug/manifest-merger-blame-debug-report.txt
1<?xml version="1.0" encoding="utf-8"?>
2<manifest xmlns:android="http://schemas.android.com/apk/res/android"
3    xmlns:tools="http://schemas.android.com/tools"
4    package="com.unity3d.player"
5    android:versionCode="1"
6    android:versionName="1.0" >
7
8    <uses-sdk
9        android:minSdkVersion="21"
9-->src\main\AndroidManifest.xml
10        android:targetSdkVersion="30" />
10-->src\main\AndroidManifest.xml
11
12    <uses-feature android:glEsVersion="0x00020000" />
12-->src\main\AndroidManifest.xml:15:3-52
12-->src\main\AndroidManifest.xml:15:17-49
13
14    <uses-permission android:name="android.permission.INTERNET" />
14-->src\main\AndroidManifest.xml:16:3-65
14-->src\main\AndroidManifest.xml:16:20-62
15    <uses-permission android:name="android.permission.ACCESS_NETWORK_STATE" />
15-->src\main\AndroidManifest.xml:17:3-77
15-->src\main\AndroidManifest.xml:17:20-74
16
17    <uses-feature
17-->src\main\AndroidManifest.xml:18:3-88
18        android:name="android.hardware.touchscreen"
18-->src\main\AndroidManifest.xml:18:17-60
19        android:required="false" />
19-->src\main\AndroidManifest.xml:18:61-85
20    <uses-feature
20-->src\main\AndroidManifest.xml:19:3-99
21        android:name="android.hardware.touchscreen.multitouch"
21-->src\main\AndroidManifest.xml:19:17-71
22        android:required="false" />
22-->src\main\AndroidManifest.xml:19:72-96
23    <uses-feature
23-->src\main\AndroidManifest.xml:20:3-108
24        android:name="android.hardware.touchscreen.multitouch.distinct"
24-->src\main\AndroidManifest.xml:20:17-80
25        android:required="false" />
25-->src\main\AndroidManifest.xml:20:81-105
26
27    <application android:extractNativeLibs="true" >
27-->src\main\AndroidManifest.xml:3:3-14:17
27-->src\main\AndroidManifest.xml:3:16-48
28        <activity
28-->src\main\AndroidManifest.xml:4:5-7:16
29            android:name="com.unity3d.player.UnityPlayerActivity"
29-->src\main\AndroidManifest.xml:4:15-68
30            android:configChanges="mcc|mnc|locale|touchscreen|keyboard|keyboardHidden|navigation|orientation|screenLayout|uiMode|screenSize|smallestScreenSize|fontScale|layoutDirection|density"
30-->src\main\AndroidManifest.xml:4:180-361
31            android:exported="true"
31-->src\main\AndroidManifest.xml:4:433-456
32            android:hardwareAccelerated="false"
32-->src\main\AndroidManifest.xml:4:397-432
33            android:launchMode="singleTask"
33-->src\main\AndroidManifest.xml:4:148-179
34            android:resizeableActivity="false"
34-->src\main\AndroidManifest.xml:4:362-396
35            android:screenOrientation="portrait"
35-->src\main\AndroidManifest.xml:4:111-147
36            android:theme="@style/UnityThemeSelector" >
36-->src\main\AndroidManifest.xml:4:69-110
37            <meta-data
37-->src\main\AndroidManifest.xml:5:7-82
38                android:name="unityplayer.UnityActivity"
38-->src\main\AndroidManifest.xml:5:18-58
39                android:value="true" />
39-->src\main\AndroidManifest.xml:5:59-79
40            <meta-data
40-->src\main\AndroidManifest.xml:6:7-78
41                android:name="android.notch_support"
41-->src\main\AndroidManifest.xml:6:18-54
42                android:value="true" />
42-->src\main\AndroidManifest.xml:6:55-75
43        </activity>
44        <activity android:name="com.unity3d.player.MyUnityActivity" />
44-->src\main\AndroidManifest.xml:8:5-49
44-->src\main\AndroidManifest.xml:8:15-46
45
46        <meta-data
46-->src\main\AndroidManifest.xml:9:5-69
47            android:name="unity.splash-mode"
47-->src\main\AndroidManifest.xml:9:16-48
48            android:value="0" />
48-->src\main\AndroidManifest.xml:9:49-66
49        <meta-data
49-->src\main\AndroidManifest.xml:10:5-74
50            android:name="unity.splash-enable"
50-->src\main\AndroidManifest.xml:10:16-50
51            android:value="True" />
51-->src\main\AndroidManifest.xml:10:51-71
52        <meta-data
52-->src\main\AndroidManifest.xml:11:5-78
53            android:name="unity.launch-fullscreen"
53-->src\main\AndroidManifest.xml:11:16-54
54            android:value="True" />
54-->src\main\AndroidManifest.xml:11:55-75
55        <meta-data
55-->src\main\AndroidManifest.xml:12:5-84
56            android:name="unity.allow-resizable-window"
56-->src\main\AndroidManifest.xml:12:16-59
57            android:value="False" />
57-->src\main\AndroidManifest.xml:12:60-81
58        <meta-data
58-->src\main\AndroidManifest.xml:13:5-81
59            android:name="notch.config"
59-->src\main\AndroidManifest.xml:13:16-43
60            android:value="portrait|landscape" />
60-->src\main\AndroidManifest.xml:13:44-78
61    </application>
62
63</manifest>